This is pdfTeX, Version 3.14159265-2.6-1.40.21 (TeX Live 2020/Debian) (preloaded format=pdflatex 2023.5.22)  26 DEC 2023 15:58
entering extended mode
 restricted \write18 enabled.
 %&-line parsing enabled.
**pop.tex
(.//pop.tex
LaTeX2e <2020-10-01> patch level 4
L3 programming layer <2021-01-09> xparse <2020-03-03>
(/usr/share/texlive/texmf-dist/tex/latex/base/article.cls
Document Class: article 2020/04/10 v1.4m Standard LaTeX document class
(/usr/share/texlive/texmf-dist/tex/latex/base/size11.clo
File: size11.clo 2020/04/10 v1.4m Standard LaTeX file (size option)
)
\c@part=\count177
\c@section=\count178
\c@subsection=\count179
\c@subsubsection=\count180
\c@paragraph=\count181
\c@subparagraph=\count182
\c@figure=\count183
\c@table=\count184
\abovecaptionskip=\skip47
\belowcaptionskip=\skip48
\bibindent=\dimen138
)
(/usr/share/texlive/texmf-dist/tex/latex/base/inputenc.sty
Package: inputenc 2020/08/01 v1.3d Input encoding file
\inpenc@prehook=\toks15
\inpenc@posthook=\toks16
)
(/usr/share/texlive/texmf-dist/tex/latex/base/fontenc.sty
Package: fontenc 2020/08/10 v2.0s Standard LaTeX package
)
(/usr/share/texlive/texmf-dist/tex/latex/graphics/graphicx.sty
Package: graphicx 2020/09/09 v1.2b Enhanced LaTeX Graphics (DPC,SPQR)

(/usr/share/texlive/texmf-dist/tex/latex/graphics/keyval.sty
Package: keyval 2014/10/28 v1.15 key=value parser (DPC)
\KV@toks@=\toks17
)
(/usr/share/texlive/texmf-dist/tex/latex/graphics/graphics.sty
Package: graphics 2020/08/30 v1.4c Standard LaTeX Graphics (DPC,SPQR)

(/usr/share/texlive/texmf-dist/tex/latex/graphics/trig.sty
Package: trig 2016/01/03 v1.10 sin cos tan (DPC)
)
(/usr/share/texlive/texmf-dist/tex/latex/graphics-cfg/graphics.cfg
File: graphics.cfg 2016/06/04 v1.11 sample graphics configuration
)
Package graphics Info: Driver file: pdftex.def on input line 105.

(/usr/share/texlive/texmf-dist/tex/latex/graphics-def/pdftex.def
File: pdftex.def 2020/10/05 v1.2a Graphics/color driver for pdftex
))
\Gin@req@height=\dimen139
\Gin@req@width=\dimen140
)
(/usr/share/texlive/texmf-dist/tex/latex/grffile/grffile.sty
Package: grffile 2019/11/11 v2.1 Extended file name support for graphics (legac
y)
Package grffile Info: This package is an empty stub for compatibility on input 
line 40.
)
(/usr/share/texlive/texmf-dist/tex/latex/tools/longtable.sty
Package: longtable 2020/01/07 v4.13 Multi-page Table package (DPC)
\LTleft=\skip49
\LTright=\skip50
\LTpre=\skip51
\LTpost=\skip52
\LTchunksize=\count185
\LTcapwidth=\dimen141
\LT@head=\box47
\LT@firsthead=\box48
\LT@foot=\box49
\LT@lastfoot=\box50
\LT@cols=\count186
\LT@rows=\count187
\c@LT@tables=\count188
\c@LT@chunks=\count189
\LT@p@ftn=\toks18
)
(/usr/share/texlive/texmf-dist/tex/latex/wrapfig/wrapfig.sty
\wrapoverhang=\dimen142
\WF@size=\dimen143
\c@WF@wrappedlines=\count190
\WF@box=\box51
\WF@everypar=\toks19
Package: wrapfig 2003/01/31  v 3.6
)
(/usr/share/texlive/texmf-dist/tex/latex/graphics/rotating.sty
Package: rotating 2016/08/11 v2.16d rotated objects in LaTeX

(/usr/share/texlive/texmf-dist/tex/latex/base/ifthen.sty
Package: ifthen 2014/09/29 v1.1c Standard LaTeX ifthen package (DPC)
)
\c@r@tfl@t=\count191
\rotFPtop=\skip53
\rotFPbot=\skip54
\rot@float@box=\box52
\rot@mess@toks=\toks20
)
(/usr/share/texlive/texmf-dist/tex/generic/ulem/ulem.sty
\UL@box=\box53
\UL@hyphenbox=\box54
\UL@skip=\skip55
\UL@hook=\toks21
\UL@height=\dimen144
\UL@pe=\count192
\UL@pixel=\dimen145
\ULC@box=\box55
Package: ulem 2019/11/18
\ULdepth=\dimen146
)
(/usr/share/texlive/texmf-dist/tex/latex/amsmath/amsmath.sty
Package: amsmath 2020/09/23 v2.17i AMS math features
\@mathmargin=\skip56

For additional information on amsmath, use the `?' option.
(/usr/share/texlive/texmf-dist/tex/latex/amsmath/amstext.sty
Package: amstext 2000/06/29 v2.01 AMS text

(/usr/share/texlive/texmf-dist/tex/latex/amsmath/amsgen.sty
File: amsgen.sty 1999/11/30 v2.0 generic functions
\@emptytoks=\toks22
\ex@=\dimen147
))
(/usr/share/texlive/texmf-dist/tex/latex/amsmath/amsbsy.sty
Package: amsbsy 1999/11/29 v1.2d Bold Symbols
\pmbraise@=\dimen148
)
(/usr/share/texlive/texmf-dist/tex/latex/amsmath/amsopn.sty
Package: amsopn 2016/03/08 v2.02 operator names
)
\inf@bad=\count193
LaTeX Info: Redefining \frac on input line 234.
\uproot@=\count194
\leftroot@=\count195
LaTeX Info: Redefining \overline on input line 399.
\classnum@=\count196
\DOTSCASE@=\count197
LaTeX Info: Redefining \ldots on input line 496.
LaTeX Info: Redefining \dots on input line 499.
LaTeX Info: Redefining \cdots on input line 620.
\Mathstrutbox@=\box56
\strutbox@=\box57
\big@size=\dimen149
LaTeX Font Info:    Redeclaring font encoding OML on input line 743.
LaTeX Font Info:    Redeclaring font encoding OMS on input line 744.
\macc@depth=\count198
\c@MaxMatrixCols=\count199
\dotsspace@=\muskip16
\c@parentequation=\count266
\dspbrk@lvl=\count267
\tag@help=\toks23
\row@=\count268
\column@=\count269
\maxfields@=\count270
\andhelp@=\toks24
\eqnshift@=\dimen150
\alignsep@=\dimen151
\tagshift@=\dimen152
\tagwidth@=\dimen153
\totwidth@=\dimen154
\lineht@=\dimen155
\@envbody=\toks25
\multlinegap=\skip57
\multlinetaggap=\skip58
\mathdisplay@stack=\toks26
LaTeX Info: Redefining \[ on input line 2923.
LaTeX Info: Redefining \] on input line 2924.
)
(/usr/share/texlive/texmf-dist/tex/latex/base/textcomp.sty
Package: textcomp 2020/02/02 v2.0n Standard LaTeX package
)
(/usr/share/texlive/texmf-dist/tex/latex/amsfonts/amssymb.sty
Package: amssymb 2013/01/14 v3.01 AMS font symbols

(/usr/share/texlive/texmf-dist/tex/latex/amsfonts/amsfonts.sty
Package: amsfonts 2013/01/14 v3.01 Basic AMSFonts support
\symAMSa=\mathgroup4
\symAMSb=\mathgroup5
LaTeX Font Info:    Redeclaring math symbol \hbar on input line 98.
LaTeX Font Info:    Overwriting math alphabet `\mathfrak' in version `bold'
(Font)                  U/euf/m/n --> U/euf/b/n on input line 106.
))
(/usr/share/texlive/texmf-dist/tex/latex/capt-of/capt-of.sty
Package: capt-of 2009/12/29 v0.2 standard captions outside of floats
)
(/usr/share/texlive/texmf-dist/tex/latex/hyperref/hyperref.sty
Package: hyperref 2020-05-15 v7.00e Hypertext links for LaTeX

(/usr/share/texlive/texmf-dist/tex/generic/ltxcmds/ltxcmds.sty
Package: ltxcmds 2020-05-10 v1.25 LaTeX kernel commands for general use (HO)
)
(/usr/share/texlive/texmf-dist/tex/generic/iftex/iftex.sty
Package: iftex 2020/03/06 v1.0d TeX engine tests
)
(/usr/share/texlive/texmf-dist/tex/generic/pdftexcmds/pdftexcmds.sty
Package: pdftexcmds 2020-06-27 v0.33 Utility functions of pdfTeX for LuaTeX (HO
)

(/usr/share/texlive/texmf-dist/tex/generic/infwarerr/infwarerr.sty
Package: infwarerr 2019/12/03 v1.5 Providing info/warning/error messages (HO)
)
Package pdftexcmds Info: \pdf@primitive is available.
Package pdftexcmds Info: \pdf@ifprimitive is available.
Package pdftexcmds Info: \pdfdraftmode found.
)
(/usr/share/texlive/texmf-dist/tex/generic/kvsetkeys/kvsetkeys.sty
Package: kvsetkeys 2019/12/15 v1.18 Key value parser (HO)
)
(/usr/share/texlive/texmf-dist/tex/generic/kvdefinekeys/kvdefinekeys.sty
Package: kvdefinekeys 2019-12-19 v1.6 Define keys (HO)
)
(/usr/share/texlive/texmf-dist/tex/generic/pdfescape/pdfescape.sty
Package: pdfescape 2019/12/09 v1.15 Implements pdfTeX's escape features (HO)
)
(/usr/share/texlive/texmf-dist/tex/latex/hycolor/hycolor.sty
Package: hycolor 2020-01-27 v1.10 Color options for hyperref/bookmark (HO)
)
(/usr/share/texlive/texmf-dist/tex/latex/letltxmacro/letltxmacro.sty
Package: letltxmacro 2019/12/03 v1.6 Let assignment for LaTeX macros (HO)
)
(/usr/share/texlive/texmf-dist/tex/latex/auxhook/auxhook.sty
Package: auxhook 2019-12-17 v1.6 Hooks for auxiliary files (HO)
)
(/usr/share/texlive/texmf-dist/tex/latex/kvoptions/kvoptions.sty
Package: kvoptions 2020-10-07 v3.14 Key value format for package options (HO)
)
\@linkdim=\dimen156
\Hy@linkcounter=\count271
\Hy@pagecounter=\count272

(/usr/share/texlive/texmf-dist/tex/latex/hyperref/pd1enc.def
File: pd1enc.def 2020-05-15 v7.00e Hyperref: PDFDocEncoding definition (HO)
Now handling font encoding PD1 ...
... no UTF-8 mapping file for font encoding PD1
)
(/usr/share/texlive/texmf-dist/tex/generic/intcalc/intcalc.sty
Package: intcalc 2019/12/15 v1.3 Expandable calculations with integers (HO)
)
(/usr/share/texlive/texmf-dist/tex/generic/etexcmds/etexcmds.sty
Package: etexcmds 2019/12/15 v1.7 Avoid name clashes with e-TeX commands (HO)
)
\Hy@SavedSpaceFactor=\count273
Package hyperref Info: Hyper figures OFF on input line 4464.
Package hyperref Info: Link nesting OFF on input line 4469.
Package hyperref Info: Hyper index ON on input line 4472.
Package hyperref Info: Plain pages OFF on input line 4479.
Package hyperref Info: Backreferencing OFF on input line 4484.
Package hyperref Info: Implicit mode ON; LaTeX internals redefined.
Package hyperref Info: Bookmarks ON on input line 4717.
\c@Hy@tempcnt=\count274

(/usr/share/texlive/texmf-dist/tex/latex/url/url.sty
\Urlmuskip=\muskip17
Package: url 2013/09/16  ver 3.4  Verb mode for urls, etc.
)
LaTeX Info: Redefining \url on input line 5076.
\XeTeXLinkMargin=\dimen157

(/usr/share/texlive/texmf-dist/tex/generic/bitset/bitset.sty
Package: bitset 2019/12/09 v1.3 Handle bit-vector datatype (HO)

(/usr/share/texlive/texmf-dist/tex/generic/bigintcalc/bigintcalc.sty
Package: bigintcalc 2019/12/15 v1.5 Expandable calculations on big integers (HO
)
))
\Fld@menulength=\count275
\Field@Width=\dimen158
\Fld@charsize=\dimen159
Package hyperref Info: Hyper figures OFF on input line 6347.
Package hyperref Info: Link nesting OFF on input line 6352.
Package hyperref Info: Hyper index ON on input line 6355.
Package hyperref Info: backreferencing OFF on input line 6362.
Package hyperref Info: Link coloring OFF on input line 6367.
Package hyperref Info: Link coloring with OCG OFF on input line 6372.
Package hyperref Info: PDF/A mode OFF on input line 6377.
LaTeX Info: Redefining \ref on input line 6417.
LaTeX Info: Redefining \pageref on input line 6421.

(/usr/share/texlive/texmf-dist/tex/latex/base/atbegshi-ltx.sty
Package: atbegshi-ltx 2020/08/17 v1.0a Emulation of the original atbegshi packa
ge
with kernel methods
)
\Hy@abspage=\count276
\c@Item=\count277
\c@Hfootnote=\count278
)
Package hyperref Info: Driver (autodetected): hpdftex.

(/usr/share/texlive/texmf-dist/tex/latex/hyperref/hpdftex.def
File: hpdftex.def 2020-05-15 v7.00e Hyperref driver for pdfTeX

(/usr/share/texlive/texmf-dist/tex/latex/base/atveryend-ltx.sty
Package: atveryend-ltx 2020/08/19 v1.0a Emulation of the original atvery packag
e
with kernel methods
)
\Fld@listcount=\count279
\c@bookmark@seq@number=\count280

(/usr/share/texlive/texmf-dist/tex/latex/rerunfilecheck/rerunfilecheck.sty
Package: rerunfilecheck 2019/12/05 v1.9 Rerun checks for auxiliary files (HO)

(/usr/share/texlive/texmf-dist/tex/generic/uniquecounter/uniquecounter.sty
Package: uniquecounter 2019/12/15 v1.4 Provide unlimited unique counter (HO)
)
Package uniquecounter Info: New unique counter `rerunfilecheck' on input line 2
86.
)
\Hy@SectionHShift=\skip59
)
(/usr/share/texlive/texmf-dist/tex/latex/l3backend/l3backend-pdftex.def
File: l3backend-pdftex.def 2020-01-29 L3 backend support: PDF output (pdfTeX)
\l__color_backend_stack_int=\count281
\l__pdf_internal_box=\box58
)
No file pop.aux.
\openout1 = `pop.aux'.

LaTeX Font Info:    Checking defaults for OML/cmm/m/it on input line 27.
LaTeX Font Info:    ... okay on input line 27.
LaTeX Font Info:    Checking defaults for OMS/cmsy/m/n on input line 27.
LaTeX Font Info:    ... okay on input line 27.
LaTeX Font Info:    Checking defaults for OT1/cmr/m/n on input line 27.
LaTeX Font Info:    ... okay on input line 27.
LaTeX Font Info:    Checking defaults for T1/cmr/m/n on input line 27.
LaTeX Font Info:    ... okay on input line 27.
LaTeX Font Info:    Checking defaults for TS1/cmr/m/n on input line 27.
LaTeX Font Info:    ... okay on input line 27.
LaTeX Font Info:    Checking defaults for OMX/cmex/m/n on input line 27.
LaTeX Font Info:    ... okay on input line 27.
LaTeX Font Info:    Checking defaults for U/cmr/m/n on input line 27.
LaTeX Font Info:    ... okay on input line 27.
LaTeX Font Info:    Checking defaults for PD1/pdf/m/n on input line 27.
LaTeX Font Info:    ... okay on input line 27.
(/usr/share/texlive/texmf-dist/tex/context/base/mkii/supp-pdf.mkii
[Loading MPS to PDF converter (version 2006.09.02).]
\scratchcounter=\count282
\scratchdimen=\dimen160
\scratchbox=\box59
\nofMPsegments=\count283
\nofMParguments=\count284
\everyMPshowfont=\toks27
\MPscratchCnt=\count285
\MPscratchDim=\dimen161
\MPnumerator=\count286
\makeMPintoPDFobject=\count287
\everyMPtoPDFconversion=\toks28
) (/usr/share/texlive/texmf-dist/tex/latex/epstopdf-pkg/epstopdf-base.sty
Package: epstopdf-base 2020-01-24 v2.11 Base part for package epstopdf
Package epstopdf-base Info: Redefining graphics rule for `.eps' on input line 4
85.

(/usr/share/texlive/texmf-dist/tex/latex/latexconfig/epstopdf-sys.cfg
File: epstopdf-sys.cfg 2010/07/13 v1.3 Configuration of (r)epstopdf for TeX Liv
e
))
Package hyperref Info: Link coloring OFF on input line 27.

(/usr/share/texlive/texmf-dist/tex/latex/hyperref/nameref.sty
Package: nameref 2019/09/16 v2.46 Cross-referencing by name of section

(/usr/share/texlive/texmf-dist/tex/latex/refcount/refcount.sty
Package: refcount 2019/12/15 v3.6 Data extraction from label references (HO)
)
(/usr/share/texlive/texmf-dist/tex/generic/gettitlestring/gettitlestring.sty
Package: gettitlestring 2019/12/15 v1.6 Cleanup title references (HO)
)
\c@section@level=\count288
)
LaTeX Info: Redefining \ref on input line 27.
LaTeX Info: Redefining \pageref on input line 27.
LaTeX Info: Redefining \nameref on input line 27.
\@outlinefile=\write3
\openout3 = `pop.out'.

LaTeX Font Info:    Trying to load font information for U+msa on input line 30.


(/usr/share/texlive/texmf-dist/tex/latex/amsfonts/umsa.fd
File: umsa.fd 2013/01/14 v3.01 AMS symbols A
)
LaTeX Font Info:    Trying to load font information for U+msb on input line 30.


(/usr/share/texlive/texmf-dist/tex/latex/amsfonts/umsb.fd
File: umsb.fd 2013/01/14 v3.01 AMS symbols B
)
\tf@toc=\write4
\openout4 = `pop.toc'.


! Undefined control sequence.
l.47 {\color
            {red}HOY}
The control sequence at the end of the top line
of your error message was never \def'ed. If you have
misspelled it (e.g., `\hobx'), type `I' and the correct
spelling (e.g., `I\hbox'). Otherwise just continue,
and I'll forget about whatever was undefined.

! Undefined control sequence.
l.48 {\color
            {red}Algoritmos de Planificación: Planificador de Orden Parcial}
The control sequence at the end of the top line
of your error message was never \def'ed. If you have
misspelled it (e.g., `\hobx'), type `I' and the correct
spelling (e.g., `I\hbox'). Otherwise just continue,
and I'll forget about whatever was undefined.

! Undefined control sequence.
l.65 {\color
            {red}¿Qué es un orden parcial?}
The control sequence at the end of the top line
of your error message was never \def'ed. If you have
misspelled it (e.g., `\hobx'), type `I' and the correct
spelling (e.g., `I\hbox'). Otherwise just continue,
and I'll forget about whatever was undefined.

! Undefined control sequence.
l.68 {\color
            {red}¿y un orden parcial estricto?}
The control sequence at the end of the top line
of your error message was never \def'ed. If you have
misspelled it (e.g., `\hobx'), type `I' and the correct
spelling (e.g., `I\hbox'). Otherwise just continue,
and I'll forget about whatever was undefined.

[1

{/var/lib/texmf/fonts/map/pdftex/updmap/pdftex.map}]
! Undefined control sequence.
l.71 ...para el orden parcial la relación {\color
                                                  {red}antes que},
The control sequence at the end of the top line
of your error message was never \def'ed. If you have
misspelled it (e.g., `\hobx'), type `I' and the correct
spelling (e.g., `I\hbox'). Otherwise just continue,
and I'll forget about whatever was undefined.

! Undefined control sequence.
l.73 {\color
            {red}orden parcial estricto}.
The control sequence at the end of the top line
of your error message was never \def'ed. If you have
misspelled it (e.g., `\hobx'), type `I' and the correct
spelling (e.g., `I\hbox'). Otherwise just continue,
and I'll forget about whatever was undefined.

! Undefined control sequence.
<argument> {\color 
                   {green}Planificación de Orden Parcial}
l.78 ...or{green}Planificación de Orden Parcial}}
                                                  
The control sequence at the end of the top line
of your error message was never \def'ed. If you have
misspelled it (e.g., `\hobx'), type `I' and the correct
spelling (e.g., `I\hbox'). Otherwise just continue,
and I'll forget about whatever was undefined.

! Undefined control sequence.
l.80 \item un conjunto de {\color
                                 {red}acciones} junto con un {\color{red}ord...
The control sequence at the end of the top line
of your error message was never \def'ed. If you have
misspelled it (e.g., `\hobx'), type `I' and the correct
spelling (e.g., `I\hbox'). Otherwise just continue,
and I'll forget about whatever was undefined.

! Undefined control sequence.
l.80 ...{\color{red}acciones} junto con un {\color
                                                  {red}orden parcial},
The control sequence at the end of the top line
of your error message was never \def'ed. If you have
misspelled it (e.g., `\hobx'), type `I' and the correct
spelling (e.g., `I\hbox'). Otherwise just continue,
and I'll forget about whatever was undefined.

! Undefined control sequence.
l.81 representando la relación {\color
                                       {blue}antes que} sobre acciones,
The control sequence at the end of the top line
of your error message was never \def'ed. If you have
misspelled it (e.g., `\hobx'), type `I' and the correct
spelling (e.g., `I\hbox'). Otherwise just continue,
and I'll forget about whatever was undefined.

! Undefined control sequence.
l.88 ...os siguientes órdenes totales son {\color
                                                  {red}consistentes} con el ...
The control sequence at the end of the top line
of your error message was never \def'ed. If you have
misspelled it (e.g., `\hobx'), type `I' and the correct
spelling (e.g., `I\hbox'). Otherwise just continue,
and I'll forget about whatever was undefined.

! Undefined control sequence.
<argument> {\color 
                   {green}Zapatos y Medias}
l.100 ... \textbf{{\color{green}Zapatos y Medias}}
                                                  
The control sequence at the end of the top line
of your error message was never \def'ed. If you have
misspelled it (e.g., `\hobx'), type `I' and the correct
spelling (e.g., `I\hbox'). Otherwise just continue,
and I'll forget about whatever was undefined.

! Undefined control sequence.
<argument> {\color 
                   {green}Orden Parcial}
l.117 \item \textbf{{\color{green}Orden Parcial}}
                                                 
The control sequence at the end of the top line
of your error message was never \def'ed. If you have
misspelled it (e.g., `\hobx'), type `I' and the correct
spelling (e.g., `I\hbox'). Otherwise just continue,
and I'll forget about whatever was undefined.

! Undefined control sequence.
l.119 \item {\color
                   {red}MedDer \(<\) ZapDer}
The control sequence at the end of the top line
of your error message was never \def'ed. If you have
misspelled it (e.g., `\hobx'), type `I' and the correct
spelling (e.g., `I\hbox'). Otherwise just continue,
and I'll forget about whatever was undefined.

! Undefined control sequence.
l.120 \item {\color
                   {red}MedIzq \(<\) ZapIzq}
The control sequence at the end of the top line
of your error message was never \def'ed. If you have
misspelled it (e.g., `\hobx'), type `I' and the correct
spelling (e.g., `I\hbox'). Otherwise just continue,
and I'll forget about whatever was undefined.

[2]
! Undefined control sequence.
<argument> {\color 
                   {green}\(A_0 < A_1\)}
l.133 \item \textbf{{\color{green}\(A_0 < A_1\)}}
                                                 
The control sequence at the end of the top line
of your error message was never \def'ed. If you have
misspelled it (e.g., `\hobx'), type `I' and the correct
spelling (e.g., `I\hbox'). Otherwise just continue,
and I'll forget about whatever was undefined.

! Undefined control sequence.
<argument> {\color 
                   {green}¡Atención!}
l.138 \item \textbf{{\color{green}¡Atención!}}
                                                
The control sequence at the end of the top line
of your error message was never \def'ed. If you have
misspelled it (e.g., `\hobx'), type `I' and the correct
spelling (e.g., `I\hbox'). Otherwise just continue,
and I'll forget about whatever was undefined.

! Undefined control sequence.
l.140 \item \(A_0\)  {\color
                            {red}no} es necesario que esté inmediatamente a...
The control sequence at the end of the top line
of your error message was never \def'ed. If you have
misspelled it (e.g., `\hobx'), type `I' and the correct
spelling (e.g., `I\hbox'). Otherwise just continue,
and I'll forget about whatever was undefined.

! Undefined control sequence.
<argument> {\color 
                   {green}START}
l.149 \item \textbf{{\color{green}START}}
                                         
The control sequence at the end of the top line
of your error message was never \def'ed. If you have
misspelled it (e.g., `\hobx'), type `I' and the correct
spelling (e.g., `I\hbox'). Otherwise just continue,
and I'll forget about whatever was undefined.

! Undefined control sequence.
<argument> {\color 
                   {green}FINISH}
l.155 \item \textbf{{\color{green}FINISH}}
                                          
The control sequence at the end of the top line
of your error message was never \def'ed. If you have
misspelled it (e.g., `\hobx'), type `I' and the correct
spelling (e.g., `I\hbox'). Otherwise just continue,
and I'll forget about whatever was undefined.

<imagenes/EnlaceCausal.png, id=31, 539.1342pt x 130.8087pt>
File: imagenes/EnlaceCausal.png Graphic file (type png)
<use imagenes/EnlaceCausal.png>
Package pdftex.def Info: imagenes/EnlaceCausal.png  used on input line 183.
(pdftex.def)             Requested size: 323.9978pt x 78.61156pt.
[3]
<imagenes/EnlaceCausal2.png, id=39, 583.9416pt x 112.7412pt>
File: imagenes/EnlaceCausal2.png Graphic file (type png)
<use imagenes/EnlaceCausal2.png>
Package pdftex.def Info: imagenes/EnlaceCausal2.png  used on input line 195.
(pdftex.def)             Requested size: 323.9978pt x 62.55316pt.

! Undefined control sequence.
<argument> {\color 
                   {green}Enlace Causal}
l.206 \item \textbf{{\color{green}Enlace Causal}}
                                                 
The control sequence at the end of the top line
of your error message was never \def'ed. If you have
misspelled it (e.g., `\hobx'), type `I' and the correct
spelling (e.g., `I\hbox'). Otherwise just continue,
and I'll forget about whatever was undefined.

! Undefined control sequence.
l.208 \item Es un término de la forma {\color
                                              {red}\(cl(A_0,P,A_1)\)} donde
The control sequence at the end of the top line
of your error message was never \def'ed. If you have
misspelled it (e.g., `\hobx'), type `I' and the correct
spelling (e.g., `I\hbox'). Otherwise just continue,
and I'll forget about whatever was undefined.

File: imagenes/EnlaceCausal.png Graphic file (type png)
<use imagenes/EnlaceCausal.png>
Package pdftex.def Info: imagenes/EnlaceCausal.png  used on input line 213.
(pdftex.def)             Requested size: 277.67953pt x 67.37221pt.
! Undefined control sequence.
<argument> {\color 
                   {green}Amenaza}
l.216 \item \textbf{{\color{green}Amenaza}}
                                           
The control sequence at the end of the top line
of your error message was never \def'ed. If you have
misspelled it (e.g., `\hobx'), type `I' and the correct
spelling (e.g., `I\hbox'). Otherwise just continue,
and I'll forget about whatever was undefined.

[4 <.//imagenes/EnlaceCausal.png> <.//imagenes/EnlaceCausal2.png>]
! Undefined control sequence.
l.218 \item Una acción \(A\) {\color
                                     {red}amenaza} un enlace causal \(cl(A_0...
The control sequence at the end of the top line
of your error message was never \def'ed. If you have
misspelled it (e.g., `\hobx'), type `I' and the correct
spelling (e.g., `I\hbox'). Otherwise just continue,
and I'll forget about whatever was undefined.

! Undefined control sequence.
<argument> {\color 
                   {green}Amenaza}
l.228 \item \textbf{{\color{green}Amenaza}}
                                           
The control sequence at the end of the top line
of your error message was never \def'ed. If you have
misspelled it (e.g., `\hobx'), type `I' and the correct
spelling (e.g., `I\hbox'). Otherwise just continue,
and I'll forget about whatever was undefined.

! Undefined control sequence.
l.230 \item Una acción \(A\)  {\color
                                      {red}amenaza} un enlace causal
The control sequence at the end of the top line
of your error message was never \def'ed. If you have
misspelled it (e.g., `\hobx'), type `I' and the correct
spelling (e.g., `I\hbox'). Otherwise just continue,
and I'll forget about whatever was undefined.

<imagenes/amenazaCausal.png, id=48, 335.2525pt x 375.4025pt>
File: imagenes/amenazaCausal.png Graphic file (type png)
<use imagenes/amenazaCausal.png>
Package pdftex.def Info: imagenes/amenazaCausal.png  used on input line 243.
(pdftex.def)             Requested size: 323.9978pt x 362.79959pt.
[5]
! Undefined control sequence.
<argument> {\color 
                   {green}Dos formas de resolver amenazas}
l.249 ...r{green}Dos formas de resolver amenazas}}
                                                  :
The control sequence at the end of the top line
of your error message was never \def'ed. If you have
misspelled it (e.g., `\hobx'), type `I' and the correct
spelling (e.g., `I\hbox'). Otherwise just continue,
and I'll forget about whatever was undefined.

File: imagenes/amenazaCausal.png Graphic file (type png)
<use imagenes/amenazaCausal.png>
Package pdftex.def Info: imagenes/amenazaCausal.png  used on input line 256.
(pdftex.def)             Requested size: 323.9978pt x 362.79959pt.
[6 <.//imagenes/amenazaCausal.png>]
<imagenes/arriba.png, id=61, 334.24875pt x 345.29pt>
File: imagenes/arriba.png Graphic file (type png)
<use imagenes/arriba.png>
Package pdftex.def Info: imagenes/arriba.png  used on input line 262.
(pdftex.def)             Requested size: 323.9978pt x 334.7254pt.
 [7]
<imagenes/abajo.png, id=67, 299.1175pt x 401.5pt>
File: imagenes/abajo.png Graphic file (type png)
<use imagenes/abajo.png>
Package pdftex.def Info: imagenes/abajo.png  used on input line 266.
(pdftex.def)             Requested size: 323.9978pt x 434.92458pt.
 [8 <.//imagenes/arriba.png>]
<imagenes/casa.png, id=74, 438.63875pt x 344.28625pt>
File: imagenes/casa.png Graphic file (type png)
<use imagenes/casa.png>
Package pdftex.def Info: imagenes/casa.png  used on input line 281.
(pdftex.def)             Requested size: 323.9978pt x 254.31078pt.
 [9 <.//imagenes/abajo.png>]
<imagenes/solcasa.png, id=81, 871.255pt x 319.1925pt>
File: imagenes/solcasa.png Graphic file (type png)
<use imagenes/solcasa.png>
Package pdftex.def Info: imagenes/solcasa.png  used on input line 288.
(pdftex.def)             Requested size: 323.9978pt x 118.69844pt.

! Undefined control sequence.
<argument> {\color 
                   {green}Plan Parcial}
l.295 \item \textbf{{\color{green}Plan Parcial}}
                                                
The control sequence at the end of the top line
of your error message was never \def'ed. If you have
misspelled it (e.g., `\hobx'), type `I' and the correct
spelling (e.g., `I\hbox'). Otherwise just continue,
and I'll forget about whatever was undefined.

! Undefined control sequence.
l.297 \item Un {\color
                      {red}plan parcial} es un término de la forma
The control sequence at the end of the top line
of your error message was never \def'ed. If you have
misspelled it (e.g., `\hobx'), type `I' and the correct
spelling (e.g., `I\hbox'). Otherwise just continue,
and I'll forget about whatever was undefined.

! Undefined control sequence.
<argument> {\color 
                   {green}Plan Seguro}
l.302 \item \textbf{{\color{green}Plan Seguro}}
                                               
The control sequence at the end of the top line
of your error message was never \def'ed. If you have
misspelled it (e.g., `\hobx'), type `I' and the correct
spelling (e.g., `I\hbox'). Otherwise just continue,
and I'll forget about whatever was undefined.

! Undefined control sequence.
l.304 \item El plan es {\color
                              {red}seguro} si para toda acción \(A\in As\)
The control sequence at the end of the top line
of your error message was never \def'ed. If you have
misspelled it (e.g., `\hobx'), type `I' and the correct
spelling (e.g., `I\hbox'). Otherwise just continue,
and I'll forget about whatever was undefined.

[10 <.//imagenes/casa.png> <.//imagenes/solcasa.png>]
! Undefined control sequence.
<argument> {\color 
                   {green}Agenda}
l.314 \item \textbf{{\color{green}Agenda}}
                                          
The control sequence at the end of the top line
of your error message was never \def'ed. If you have
misspelled it (e.g., `\hobx'), type `I' and the correct
spelling (e.g., `I\hbox'). Otherwise just continue,
and I'll forget about whatever was undefined.

! Undefined control sequence.
l.316 \item Una {\color
                       {red}agenda} es un conjunto de submetas para cada
The control sequence at the end of the top line
of your error message was never \def'ed. If you have
misspelled it (e.g., `\hobx'), type `I' and the correct
spelling (e.g., `I\hbox'). Otherwise just continue,
and I'll forget about whatever was undefined.

! Undefined control sequence.
<argument> {\color 
                   {green}Submeta}
l.319 \item \textbf{{\color{green}Submeta}}
                                           
The control sequence at the end of the top line
of your error message was never \def'ed. If you have
misspelled it (e.g., `\hobx'), type `I' and the correct
spelling (e.g., `I\hbox'). Otherwise just continue,
and I'll forget about whatever was undefined.

! Undefined control sequence.
l.321 \item Una {\color
                       {red}submeta} es un término de la forma {\color{red}...
The control sequence at the end of the top line
of your error message was never \def'ed. If you have
misspelled it (e.g., `\hobx'), type `I' and the correct
spelling (e.g., `I\hbox'). Otherwise just continue,
and I'll forget about whatever was undefined.

! Undefined control sequence.
l.321 ...bmeta} es un término de la forma {\color
                                                  {red}goal(P,A)}, donde \(P...
The control sequence at the end of the top line
of your error message was never \def'ed. If you have
misspelled it (e.g., `\hobx'), type `I' and the correct
spelling (e.g., `I\hbox'). Otherwise just continue,
and I'll forget about whatever was undefined.

! Undefined control sequence.
<argument> {\color 
                   {green}Plan Completo}
l.325 \item \textbf{{\color{green}Plan Completo}}
                                                 
The control sequence at the end of the top line
of your error message was never \def'ed. If you have
misspelled it (e.g., `\hobx'), type `I' and the correct
spelling (e.g., `I\hbox'). Otherwise just continue,
and I'll forget about whatever was undefined.

! Undefined control sequence.
l.327 \item Un {\color
                      {red}plan completo} es un plan parcial seguro con una
The control sequence at the end of the top line
of your error message was never \def'ed. If you have
misspelled it (e.g., `\hobx'), type `I' and the correct
spelling (e.g., `I\hbox'). Otherwise just continue,
and I'll forget about whatever was undefined.

<imagenes/Pop.png, id=90, 589.7232pt x 383.7537pt>
File: imagenes/Pop.png Graphic file (type png)
<use imagenes/Pop.png>
Package pdftex.def Info: imagenes/Pop.png  used on input line 340.
(pdftex.def)             Requested size: 323.9978pt x 210.8368pt.
<imagenes/Pop2.png, id=91, 589.7232pt x 315.0972pt>
File: imagenes/Pop2.png Graphic file (type png)
<use imagenes/Pop2.png>
Package pdftex.def Info: imagenes/Pop2.png  used on input line 347.
(pdftex.def)             Requested size: 323.9978pt x 173.11647pt.
[11 <.//imagenes/Pop.png>]
<imagenes/Pop3.png, id=100, 587.5551pt x 372.9132pt>
File: imagenes/Pop3.png Graphic file (type png)
<use imagenes/Pop3.png>
Package pdftex.def Info: imagenes/Pop3.png  used on input line 354.
(pdftex.def)             Requested size: 323.9978pt x 205.64345pt.
<imagenes/Pop4.png, id=101, 573.8238pt x 300.6432pt>
File: imagenes/Pop4.png Graphic file (type png)
<use imagenes/Pop4.png>
Package pdftex.def Info: imagenes/Pop4.png  used on input line 361.
(pdftex.def)             Requested size: 323.9978pt x 169.75362pt.
 [12 <.//imagenes/Pop2.png> <.//imagenes/Pop3.png>]
<imagenes/Pop5.png, id=110, 578.8827pt x 302.8113pt>
File: imagenes/Pop5.png Graphic file (type png)
<use imagenes/Pop5.png>
Package pdftex.def Info: imagenes/Pop5.png  used on input line 368.
(pdftex.def)             Requested size: 323.9978pt x 169.48074pt.
<imagenes/Pop6.png, id=111, 573.8238pt x 362.0727pt>
File: imagenes/Pop6.png Graphic file (type png)
<use imagenes/Pop6.png>
Package pdftex.def Info: imagenes/Pop6.png  used on input line 375.
(pdftex.def)             Requested size: 323.9978pt x 204.43886pt.

[13 <.//imagenes/Pop4.png> <.//imagenes/Pop5.png>]
<imagenes/Pop7.png, id=121, 575.9919pt x 298.4751pt>
File: imagenes/Pop7.png Graphic file (type png)
<use imagenes/Pop7.png>
Package pdftex.def Info: imagenes/Pop7.png  used on input line 382.
(pdftex.def)             Requested size: 323.9978pt x 167.89638pt.
<imagenes/Pop8.png, id=122, 574.5465pt x 370.7451pt>
File: imagenes/Pop8.png Graphic file (type png)
<use imagenes/Pop8.png>
Package pdftex.def Info: imagenes/Pop8.png  used on input line 389.
(pdftex.def)             Requested size: 323.9978pt x 209.0697pt.
 [14 <.//imagenes/Pop6.png> <.//imagenes/Pop7.png>]
<imagenes/poppseudo.png, id=131, 659.46375pt x 279.0425pt>
File: imagenes/poppseudo.png Graphic file (type png)
<use imagenes/poppseudo.png>
Package pdftex.def Info: imagenes/poppseudo.png  used on input line 396.
(pdftex.def)             Requested size: 323.9978pt x 137.09819pt.
<imagenes/pop0.png, id=132, 756.8275pt x 359.3425pt>
File: imagenes/pop0.png Graphic file (type png)
<use imagenes/pop0.png>
Package pdftex.def Info: imagenes/pop0.png  used on input line 403.
(pdftex.def)             Requested size: 323.9978pt x 153.83435pt.
 [15 <.//imagenes/Pop8.png> <.//imagenes/poppseudo.png>]
<imagenes/pop2.png, id=140, 621.32124pt x 473.77pt>
File: imagenes/pop2.png Graphic file (type png)
<use imagenes/pop2.png>
Package pdftex.def Info: imagenes/pop2.png  used on input line 410.
(pdftex.def)             Requested size: 323.9978pt x 247.05582pt.
<imagenes/pop4.png, id=141, 556.0775pt x 477.785pt>
File: imagenes/pop4.png Graphic file (type png)
<use imagenes/pop4.png>
Package pdftex.def Info: imagenes/pop4.png  used on input line 417.
(pdftex.def)             Requested size: 323.9978pt x 278.38402pt.

[16 <.//imagenes/pop0.png> <.//imagenes/pop2.png>]
<imagenes/pop5.png, id=148, 559.08875pt x 479.7925pt>
File: imagenes/pop5.png Graphic file (type png)
<use imagenes/pop5.png>
Package pdftex.def Info: imagenes/pop5.png  used on input line 424.
(pdftex.def)             Requested size: 323.9978pt x 278.05287pt.
 [17 <.//imagenes/pop4.png>]
<imagenes/pop6.png, id=154, 587.19376pt x 481.8pt>
File: imagenes/pop6.png Graphic file (type png)
<use imagenes/pop6.png>
Package pdftex.def Info: imagenes/pop6.png  used on input line 431.
(pdftex.def)             Requested size: 323.9978pt x 265.8436pt.

[18 <.//imagenes/pop5.png>]
<imagenes/pop7.png, id=160, 578.16pt x 468.75125pt>
File: imagenes/pop7.png Graphic file (type png)
<use imagenes/pop7.png>
Package pdftex.def Info: imagenes/pop7.png  used on input line 438.
(pdftex.def)             Requested size: 323.9978pt x 262.68486pt.
 [19 <.//imagenes/pop6.png>]
<imagenes/pop8.png, id=167, 566.115pt x 471.7625pt>
File: imagenes/pop8.png Graphic file (type png)
<use imagenes/pop8.png>
Package pdftex.def Info: imagenes/pop8.png  used on input line 445.
(pdftex.def)             Requested size: 323.9978pt x 270.00159pt.
 [20 <.//imagenes/pop7.png>]
<imagenes/pop9.png, id=173, 545.03625pt x 480.79625pt>
File: imagenes/pop9.png Graphic file (type png)
<use imagenes/pop9.png>
Package pdftex.def Info: imagenes/pop9.png  used on input line 452.
(pdftex.def)             Requested size: 323.9978pt x 285.80952pt.
 [21 <.//imagenes/pop8.png>]
<imagenes/pop10.png, id=180, 670.505pt x 474.77374pt>
File: imagenes/pop10.png Graphic file (type png)
<use imagenes/pop10.png>
Package pdftex.def Info: imagenes/pop10.png  used on input line 459.
(pdftex.def)             Requested size: 323.9978pt x 229.41739pt.
 [22 <.//imagenes/pop9.png>]
<imagenes/pop11.png, id=186, 687.56876pt x 474.77374pt>
File: imagenes/pop11.png Graphic file (type png)
<use imagenes/pop11.png>
Package pdftex.def Info: imagenes/pop11.png  used on input line 466.
(pdftex.def)             Requested size: 323.9978pt x 223.72324pt.
<imagenes/pop12.png, id=187, 664.4825pt x 468.75125pt>
File: imagenes/pop12.png Graphic file (type png)
<use imagenes/pop12.png>
Package pdftex.def Info: imagenes/pop12.png  used on input line 473.
(pdftex.def)             Requested size: 323.9978pt x 228.56001pt.
 [23 <.//imagenes/pop10.png> <.//imagenes/pop11.png>]
<imagenes/pop15.png, id=194, 680.5425pt x 461.725pt>
File: imagenes/pop15.png Graphic file (type png)
<use imagenes/pop15.png>
Package pdftex.def Info: imagenes/pop15.png  used on input line 480.
(pdftex.def)             Requested size: 323.9978pt x 219.82187pt.
<imagenes/pop16.png, id=195, 666.49pt x 469.755pt>
File: imagenes/pop16.png Graphic file (type png)
<use imagenes/pop16.png>
Package pdftex.def Info: imagenes/pop16.png  used on input line 487.
(pdftex.def)             Requested size: 323.9978pt x 228.36133pt.
 [24 <.//imagenes/pop12.png> <.//imagenes/pop15.png>]
<imagenes/pop17.png, id=202, 691.58376pt x 476.78125pt>
File: imagenes/pop17.png Graphic file (type png)
<use imagenes/pop17.png>
Package pdftex.def Info: imagenes/pop17.png  used on input line 494.
(pdftex.def)             Requested size: 323.9978pt x 223.36697pt.
<imagenes/pop18.png, id=203, 683.55376pt x 480.79625pt>
File: imagenes/pop18.png Graphic file (type png)
<use imagenes/pop18.png>
Package pdftex.def Info: imagenes/pop18.png  used on input line 501.
(pdftex.def)             Requested size: 323.9978pt x 227.89638pt.
 [25 <.//imagenes/pop16.png> <.//imagenes/pop17.png>]
<imagenes/pop19.png, id=211, 705.63625pt x 468.75125pt>
File: imagenes/pop19.png Graphic file (type png)
<use imagenes/pop19.png>
Package pdftex.def Info: imagenes/pop19.png  used on input line 508.
(pdftex.def)             Requested size: 323.9978pt x 215.22765pt.
<imagenes/pop20.png, id=212, 740.7675pt x 473.77pt>
File: imagenes/pop20.png Graphic file (type png)
<use imagenes/pop20.png>
Package pdftex.def Info: imagenes/pop20.png  used on input line 515.
(pdftex.def)             Requested size: 323.9978pt x 207.21603pt.
 [26 <.//imagenes/pop18.png> <.//imagenes/pop19.png>]
<imagenes/pop21.png, id=219, 712.6625pt x 466.74374pt>
File: imagenes/pop21.png Graphic file (type png)
<use imagenes/pop21.png>
Package pdftex.def Info: imagenes/pop21.png  used on input line 522.
(pdftex.def)             Requested size: 323.9978pt x 212.19069pt.
<imagenes/pop23.png, id=220, 768.8725pt x 471.7625pt>
File: imagenes/pop23.png Graphic file (type png)
<use imagenes/pop23.png>
Package pdftex.def Info: imagenes/pop23.png  used on input line 529.
(pdftex.def)             Requested size: 323.9978pt x 198.80115pt.
 [27 <.//imagenes/pop20.png> <.//imagenes/pop21.png>]
<imagenes/pop24.png, id=227, 706.64pt x 473.77pt>
File: imagenes/pop24.png Graphic file (type png)
<use imagenes/pop24.png>
Package pdftex.def Info: imagenes/pop24.png  used on input line 536.
(pdftex.def)             Requested size: 323.9978pt x 217.2284pt.
<imagenes/pop25.png, id=228, 618.31pt x 472.76625pt>
File: imagenes/pop25.png Graphic file (type png)
<use imagenes/pop25.png>
Package pdftex.def Info: imagenes/pop25.png  used on input line 543.
(pdftex.def)             Requested size: 323.9978pt x 247.73709pt.
 [28 <.//imagenes/pop23.png> <.//imagenes/pop24.png>] [29 <.//imagenes/pop25.pn
g>] (.//pop.aux)

LaTeX Warning: Label(s) may have changed. Rerun to get cross-references right.


Package rerunfilecheck Warning: File `pop.out' has changed.
(rerunfilecheck)                Rerun to get outlines right
(rerunfilecheck)                or use package `bookmark'.

Package rerunfilecheck Info: Checksums for `pop.out':
(rerunfilecheck)             Before: <no file>
(rerunfilecheck)             After:  D41D8CD98F00B204E9800998ECF8427E;0.
 ) 
Here is how much of TeX's memory you used:
 7242 strings out of 481117
 106187 string characters out of 5912368
 403440 words of memory out of 5000000
 23939 multiletter control sequences out of 15000+600000
 415473 words of font info for 60 fonts, out of 8000000 for 9000
 85 hyphenation exceptions out of 8191
 71i,6n,74p,220b,454s stack positions out of 5000i,500n,10000p,200000b,80000s
 </home/cv/.texlive2020/texmf-var/fonts/pk/ljfour/jknappen/ec/ecbx1095.600pk>
 </home/cv/.texlive2020/texmf-var/fonts/pk/ljfour/jknappen/ec/ecrm1095.600pk> <
/home/cv/.texlive2020/texmf-var/fonts/pk/ljfour/jknappen/ec/tcrm1095.600pk> </h
ome/cv/.texlive2020/texmf-var/fonts/pk/ljfour/jknappen/ec/ecbx1200.600pk> </hom
e/cv/.texlive2020/texmf-var/fonts/pk/ljfour/jknappen/ec/ecbx1440.600pk> </home/
cv/.texlive2020/texmf-var/fonts/pk/ljfour/jknappen/ec/ecrm1200.600pk> </home/cv
/.texlive2020/texmf-var/fonts/pk/ljfour/jknappen/ec/ecrm1728.600pk></usr/share/
texlive/texmf-dist/fonts/type1/public/amsfonts/cm/cmmi10.pfb></usr/share/texliv
e/texmf-dist/fonts/type1/public/amsfonts/cm/cmr10.pfb></usr/share/texlive/texmf
-dist/fonts/type1/public/amsfonts/cm/cmr8.pfb></usr/share/texlive/texmf-dist/fo
nts/type1/public/amsfonts/cm/cmsy10.pfb>
Output written on .//pop.pdf (29 pages, 1858338 bytes).
PDF statistics:
 497 PDF objects out of 1000 (max. 8388607)
 208 compressed objects within 3 object streams
 82 named destinations out of 1000 (max. 500000)
 186 words of extra memory for PDF output out of 10000 (max. 10000000)

